<?xml version="1.0" encoding="UTF-8" standalone="yes"?><!DOCTYPE report PUBLIC "-//JACOCO//DTD Report 1.1//EN" "report.dtd"><report name="untitled"><sessioninfo id="Kryaps-82cf49ec" start="1694349844126" dump="1694349846013"/><sessioninfo id="Kryaps-1183dea3" start="1694352274095" dump="1694352275571"/><sessioninfo id="Kryaps-46222965" start="1694353658218" dump="1694353659783"/><sessioninfo id="Kryaps-94a82231" start="1694358918876" dump="1694358920482"/><sessioninfo id="Kryaps-c096ea4c" start="1694360238375" dump="1694360239972"/><sessioninfo id="Kryaps-f5d35013" start="1694459881866" dump="1694459883855"/><sessioninfo id="Kryaps-7975961d" start="1694791836568" dump="1694791838722"/><sessioninfo id="Kryaps-f933e84" start="1694792304015" dump="1694792305736"/><sessioninfo id="Kryaps-1df0d64d" start="1694802368984" dump="1694802370580"/><sessioninfo id="Kryaps-d01199f2" start="1694803159255" dump="1694803160841"/><sessioninfo id="Kryaps-5685bb2b" start="1694804909509" dump="1694804911109"/><sessioninfo id="Kryaps-5df3fc79" start="1694805237910" dump="1694805239628"/><sessioninfo id="Kryaps-7c78527c" start="1694807285833" dump="1694807287536"/><sessioninfo id="Kryaps-c469291" start="1694807788067" dump="1694807789771"/><sessioninfo id="Kryaps-3710f162" start="1694808161076" dump="1694808162748"/><sessioninfo id="Kryaps-6e8ff3a" start="1694810375870" dump="1694810377625"/><sessioninfo id="Kryaps-631dfed1" start="1694811735551" dump="1694811737295"/><sessioninfo id="Kryaps-7d15769b" start="1694815836499" dump="1694815838257"/><sessioninfo id="Kryaps-fd996321" start="1694816278361" dump="1694816280159"/><sessioninfo id="Kryaps-dc259d79" start="1694816451933" dump="1694816453660"/><sessioninfo id="Kryaps-8dcc7faa" start="1694816558934" dump="1694816560660"/><sessioninfo id="Kryaps-8256cd3b" start="1694817116066" dump="1694817117966"/><sessioninfo id="Kryaps-e3b5a0b6" start="1694818185246" dump="1694818187129"/><sessioninfo id="Kryaps-1bc9a896" start="1694818495176" dump="1694818497023"/><sessioninfo id="Kryaps-b9ac9b32" start="1694819280876" dump="1694819282700"/><sessioninfo id="Kryaps-14ae8fbe" start="1694819621474" dump="1694819623238"/><sessioninfo id="Kryaps-e715063a" start="1694820138201" dump="1694820140008"/><sessioninfo id="Kryaps-acfbfd5b" start="1694820541737" dump="1694820543495"/><sessioninfo id="Kryaps-b192d93e" start="1694820906599" dump="1694820908343"/><sessioninfo id="Kryaps-24bcba8a" start="1694821027752" dump="1694821029622"/><sessioninfo id="Kryaps-3a602415" start="1694946295854" dump="1694946297920"/><sessioninfo id="Kryaps-16455838" start="1694946513603" dump="1694946515224"/><sessioninfo id="Kryaps-5140a9df" start="1694946745951" dump="1694946747550"/><sessioninfo id="Kryaps-5e7277e3" start="1694947178858" dump="1694947180615"/><sessioninfo id="Kryaps-14128666" start="1694947358420" dump="1694947360042"/><sessioninfo id="Kryaps-ee38ba4" start="1694947476649" dump="1694947478261"/><sessioninfo id="Kryaps-21412614" start="1694947570127" dump="1694947571744"/><sessioninfo id="Kryaps-d70995f1" start="1694947787766" dump="1694947789427"/><sessioninfo id="Kryaps-651bb83b" start="1694947821170" dump="1694947822791"/><sessioninfo id="Kryaps-d833640e" start="1694948072351" dump="1694948074027"/><sessioninfo id="Kryaps-2744d7db" start="1694948535467" dump="1694948537099"/><sessioninfo id="Kryaps-161ac194" start="1694948846010" dump="1694948847677"/><sessioninfo id="Kryaps-334f3dc6" start="1694948989375" dump="1694948990982"/><sessioninfo id="Kryaps-56acae69" start="1694949129763" dump="1694949131352"/><sessioninfo id="Kryaps-2e7a7fb6" start="1694949362998" dump="1694949364659"/><sessioninfo id="Kryaps-4ad1619a" start="1694949436919" dump="1694949438570"/><sessioninfo id="Kryaps-7c39941a" start="1694949565211" dump="1694949566844"/><sessioninfo id="Kryaps-2997499" start="1694949893205" dump="1694949894842"/><sessioninfo id="Kryaps-934ff518" start="1694950001417" dump="1694950003257"/><sessioninfo id="Kryaps-fb4bc4bd" start="1694950129336" dump="1694950131036"/><sessioninfo id="Kryaps-492c8842" start="1694950258514" dump="1694950260164"/><sessioninfo id="Kryaps-979d54ee" start="1694950333950" dump="1694950335585"/><sessioninfo id="Kryaps-6ef1dd6" start="1694950579467" dump="1694950581119"/><sessioninfo id="Kryaps-1b00f27c" start="1694950697403" dump="1694950699040"/><sessioninfo id="Kryaps-9443d54c" start="1694950801391" dump="1694950803088"/><sessioninfo id="Kryaps-242b6f57" start="1694950814218" dump="1694950815932"/><sessioninfo id="Kryaps-95d3be87" start="1694950955664" dump="1694950957320"/><sessioninfo id="Kryaps-f0aadd86" start="1694951025897" dump="1694951027560"/><sessioninfo id="Kryaps-e3b3f584" start="1694951341326" dump="1694951342966"/><sessioninfo id="Kryaps-a5505694" start="1694960318870" dump="1694960320626"/><sessioninfo id="Kryaps-a60d5ecf" start="1694962720447" dump="1694962722167"/><sessioninfo id="Kryaps-6bb83983" start="1694962821695" dump="1694962823589"/><sessioninfo id="Kryaps-94125bcb" start="1694962968820" dump="1694962970542"/><sessioninfo id="Kryaps-edc0faa7" start="1694963482480" dump="1694963484150"/><sessioninfo id="Kryaps-be466cfc" start="1694964056831" dump="1694964058520"/><sessioninfo id="Kryaps-cfd7380c" start="1694964116891" dump="1694964118539"/><sessioninfo id="Kryaps-e40b0f81" start="1694964224015" dump="1694964225700"/><sessioninfo id="Kryaps-b5fd66a5" start="1694964960889" dump="1694964962582"/><sessioninfo id="Kryaps-81fc2965" start="1694967048860" dump="1694967050545"/><package name="com/example"><class name="com/example/Feline" sourcefilename="Feline.java"><method name="&lt;init&gt;" desc="()V" line="5"><counter type="INSTRUCTION" missed="0" covered="3"/><counter type="LINE" missed="0" covered="1"/><counter type="COMPLEXITY" missed="0" covered="1"/><counter type="METHOD" missed="0" covered="1"/></method><method name="eatMeat" desc="()Ljava/util/List;" line="9"><counter type="INSTRUCTION" missed="0" covered="4"/><counter type="LINE" missed="0" covered="1"/><counter type="COMPLEXITY" missed="0" covered="1"/><counter type="METHOD" missed="0" covered="1"/></method><method name="getFamily" desc="()Ljava/lang/String;" line="14"><counter type="INSTRUCTION" missed="0" covered="2"/><counter type="LINE" missed="0" covered="1"/><counter type="COMPLEXITY" missed="0" covered="1"/><counter type="METHOD" missed="0" covered="1"/></method><method name="getKittens" desc="()I" line="18"><counter type="INSTRUCTION" missed="0" covered="4"/><counter type="LINE" missed="0" covered="1"/><counter type="COMPLEXITY" missed="0" covered="1"/><counter type="METHOD" missed="0" covered="1"/></method><method name="getKittens" desc="(I)I" line="22"><counter type="INSTRUCTION" missed="0" covered="2"/><counter type="LINE" missed="0" covered="1"/><counter type="COMPLEXITY" missed="0" covered="1"/><counter type="METHOD" missed="0" covered="1"/></method><counter type="INSTRUCTION" missed="0" covered="15"/><counter type="LINE" missed="0" covered="5"/><counter type="COMPLEXITY" missed="0" covered="5"/><counter type="METHOD" missed="0" covered="5"/><counter type="CLASS" missed="0" covered="1"/></class><class name="com/example/Animal" sourcefilename="Animal.java"><method name="&lt;init&gt;" desc="()V" line="5"><counter type="INSTRUCTION" missed="0" covered="3"/><counter type="LINE" missed="0" covered="1"/><counter type="COMPLEXITY" missed="0" covered="1"/><counter type="METHOD" missed="0" covered="1"/></method><method name="getFood" desc="(Ljava/lang/String;)Ljava/util/List;" line="16"><counter type="INSTRUCTION" missed="0" covered="17"/><counter type="BRANCH" missed="0" covered="4"/><counter type="LINE" missed="0" covered="5"/><counter type="COMPLEXITY" missed="0" covered="3"/><counter type="METHOD" missed="0" covered="1"/></method><method name="getFamily" desc="()Ljava/lang/String;" line="26"><counter type="INSTRUCTION" missed="0" covered="2"/><counter type="LINE" missed="0" covered="1"/><counter type="COMPLEXITY" missed="0" covered="1"/><counter type="METHOD" missed="0" covered="1"/></method><method name="&lt;clinit&gt;" desc="()V" line="9"><counter type="INSTRUCTION" missed="0" covered="10"/><counter type="LINE" missed="0" covered="2"/><counter type="COMPLEXITY" missed="0" covered="1"/><counter type="METHOD" missed="0" covered="1"/></method><counter type="INSTRUCTION" missed="0" covered="32"/><counter type="BRANCH" missed="0" covered="4"/><counter type="LINE" missed="0" covered="9"/><counter type="COMPLEXITY" missed="0" covered="6"/><counter type="METHOD" missed="0" covered="4"/><counter type="CLASS" missed="0" covered="1"/></class><class name="com/example/Lion" sourcefilename="Lion.java"><method name="&lt;init&gt;" desc="(Lcom/example/Feline;Ljava/lang/String;)V" line="15"><counter type="INSTRUCTION" missed="0" covered="29"/><counter type="BRANCH" missed="0" covered="4"/><counter type="LINE" missed="0" covered="8"/><counter type="COMPLEXITY" missed="0" covered="3"/><counter type="METHOD" missed="0" covered="1"/></method><method name="getKittens" desc="()I" line="28"><counter type="INSTRUCTION" missed="0" covered="4"/><counter type="LINE" missed="0" covered="1"/><counter type="COMPLEXITY" missed="0" covered="1"/><counter type="METHOD" missed="0" covered="1"/></method><method name="doesHaveMane" desc="()Z" line="32"><counter type="INSTRUCTION" missed="0" covered="3"/><counter type="LINE" missed="0" covered="1"/><counter type="COMPLEXITY" missed="0" covered="1"/><counter type="METHOD" missed="0" covered="1"/></method><method name="getFood" desc="()Ljava/util/List;" line="36"><counter type="INSTRUCTION" missed="0" covered="5"/><counter type="LINE" missed="0" covered="1"/><counter type="COMPLEXITY" missed="0" covered="1"/><counter type="METHOD" missed="0" covered="1"/></method><counter type="INSTRUCTION" missed="0" covered="41"/><counter type="BRANCH" missed="0" covered="4"/><counter type="LINE" missed="0" covered="11"/><counter type="COMPLEXITY" missed="0" covered="6"/><counter type="METHOD" missed="0" covered="4"/><counter type="CLASS" missed="0" covered="1"/></class><class name="com/example/Predator" sourcefilename="Predator.java"/><class name="com/example/Cat" sourcefilename="Cat.java"><method name="&lt;init&gt;" desc="(Lcom/example/Feline;)V" line="10"><counter type="INSTRUCTION" missed="0" covered="6"/><counter type="LINE" missed="0" covered="3"/><counter type="COMPLEXITY" missed="0" covered="1"/><counter type="METHOD" missed="0" covered="1"/></method><method name="getSound" desc="()Ljava/lang/String;" line="15"><counter type="INSTRUCTION" missed="0" covered="2"/><counter type="LINE" missed="0" covered="1"/><counter type="COMPLEXITY" missed="0" covered="1"/><counter type="METHOD" missed="0" covered="1"/></method><method name="getFood" desc="()Ljava/util/List;" line="19"><counter type="INSTRUCTION" missed="0" covered="4"/><counter type="LINE" missed="0" covered="1"/><counter type="COMPLEXITY" missed="0" covered="1"/><counter type="METHOD" missed="0" covered="1"/></method><counter type="INSTRUCTION" missed="0" covered="12"/><counter type="LINE" missed="0" covered="5"/><counter type="COMPLEXITY" missed="0" covered="3"/><counter type="METHOD" missed="0" covered="3"/><counter type="CLASS" missed="0" covered="1"/></class><sourcefile name="Lion.java"><line nr="15" mi="0" ci="2" mb="0" cb="0"/><line nr="16" mi="0" ci="4" mb="0" cb="2"/><line nr="17" mi="0" ci="4" mb="0" cb="0"/><line nr="18" mi="0" ci="4" mb="0" cb="2"/><line nr="19" mi="0" ci="4" mb="0" cb="0"/><line nr="21" mi="0" ci="5" mb="0" cb="0"/><line nr="23" mi="0" ci="1" mb="0" cb="0"/><line nr="25" mi="0" ci="5" mb="0" cb="0"/><line nr="28" mi="0" ci="4" mb="0" cb="0"/><line nr="32" mi="0" ci="3" mb="0" cb="0"/><line nr="36" mi="0" ci="5" mb="0" cb="0"/><counter type="INSTRUCTION" missed="0" covered="41"/><counter type="BRANCH" missed="0" covered="4"/><counter type="LINE" missed="0" covered="11"/><counter type="COMPLEXITY" missed="0" covered="6"/><counter type="METHOD" missed="0" covered="4"/><counter type="CLASS" missed="0" covered="1"/></sourcefile><sourcefile name="Predator.java"/><sourcefile name="Animal.java"><line nr="5" mi="0" ci="3" mb="0" cb="0"/><line nr="9" mi="0" ci="4" mb="0" cb="0"/><line nr="10" mi="0" ci="6" mb="0" cb="0"/><line nr="16" mi="0" ci="4" mb="0" cb="2"/><line nr="17" mi="0" ci="2" mb="0" cb="0"/><line nr="18" mi="0" ci="4" mb="0" cb="2"/><line nr="19" mi="0" ci="2" mb="0" cb="0"/><line nr="21" mi="0" ci="5" mb="0" cb="0"/><line nr="26" mi="0" ci="2" mb="0" cb="0"/><counter type="INSTRUCTION" missed="0" covered="32"/><counter type="BRANCH" missed="0" covered="4"/><counter type="LINE" missed="0" covered="9"/><counter type="COMPLEXITY" missed="0" covered="6"/><counter type="METHOD" missed="0" covered="4"/><counter type="CLASS" missed="0" covered="1"/></sourcefile><sourcefile name="Feline.java"><line nr="5" mi="0" ci="3" mb="0" cb="0"/><line nr="9" mi="0" ci="4" mb="0" cb="0"/><line nr="14" mi="0" ci="2" mb="0" cb="0"/><line nr="18" mi="0" ci="4" mb="0" cb="0"/><line nr="22" mi="0" ci="2" mb="0" cb="0"/><counter type="INSTRUCTION" missed="0" covered="15"/><counter type="LINE" missed="0" covered="5"/><counter type="COMPLEXITY" missed="0" covered="5"/><counter type="METHOD" missed="0" covered="5"/><counter type="CLASS" missed="0" covered="1"/></sourcefile><sourcefile name="Cat.java"><line nr="10" mi="0" ci="2" mb="0" cb="0"/><line nr="11" mi="0" ci="3" mb="0" cb="0"/><line nr="12" mi="0" ci="1" mb="0" cb="0"/><line nr="15" mi="0" ci="2" mb="0" cb="0"/><line nr="19" mi="0" ci="4" mb="0" cb="0"/><counter type="INSTRUCTION" missed="0" covered="12"/><counter type="LINE" missed="0" covered="5"/><counter type="COMPLEXITY" missed="0" covered="3"/><counter type="METHOD" missed="0" covered="3"/><counter type="CLASS" missed="0" covered="1"/></sourcefile><counter type="INSTRUCTION" missed="0" covered="100"/><counter type="BRANCH" missed="0" covered="8"/><counter type="LINE" missed="0" covered="30"/><counter type="COMPLEXITY" missed="0" covered="20"/><counter type="METHOD" missed="0" covered="16"/><counter type="CLASS" missed="0" covered="4"/></package><counter type="INSTRUCTION" missed="0" covered="100"/><counter type="BRANCH" missed="0" covered="8"/><counter type="LINE" missed="0" covered="30"/><counter type="COMPLEXITY" missed="0" covered="20"/><counter type="METHOD" missed="0" covered="16"/><counter type="CLASS" missed="0" covered="4"/></report>